<?xml version="1.0" encoding="UTF-8" ?>
<testsuite tests="9" failures="0" name="controller.moveHandler.KingMoveHandlerTest" time="0.007" errors="0" skipped="0">
  <properties>
[...]
</properties>
  <testcase classname="controller.moveHandler.KingMoveHandlerTest" name="rightFigureType" time="0"/>
  <testcase classname="controller.moveHandler.KingMoveHandlerTest" name="validMoveHitTheBishopTest" time="0.001"/>
  <testcase classname="controller.moveHandler.KingMoveHandlerTest" name="invalidSpecialMoveTest" time="0"/>
  <testcase classname="controller.moveHandler.KingMoveHandlerTest" name="validSpecialMoveTest1" time="0.003"/>
  <testcase classname="controller.moveHandler.KingMoveHandlerTest" name="validSpecialMoveTest2" time="0.001"/>
  <testcase classname="controller.moveHandler.KingMoveHandlerTest" name="invalidMoveTest" time="0.001"/>
  <testcase classname="controller.moveHandler.KingMoveHandlerTest" name="translateMoveTest" time="0"/>
  <testcase classname="controller.moveHandler.KingMoveHandlerTest" name="invalidMoveOverAPawnTest" time="0"/>
  <testcase classname="controller.moveHandler.KingMoveHandlerTest" name="inValidSpecialMoveTest2" time="0.001"/>
</testsuite>