<?xml version="1.0" encoding="UTF-8" ?>
<testsuite tests="4" failures="0" name="com.game.controller.minFigure.RookCheckTest" time="0" errors="0" skipped="0">
  <properties>
[...]
</properties>
  <testcase classname="com.game.controller.minFigure.RookCheckTest" name="haveMoreRook" time="0"/>
  <testcase classname="com.game.controller.minFigure.RookCheckTest" name="wrongFigure" time="0"/>
  <testcase classname="com.game.controller.minFigure.RookCheckTest" name="emptyMap" time="0"/>
  <testcase classname="com.game.controller.minFigure.RookCheckTest" name="haveOneRook" time="0"/>
</testsuite>